Build started 2/23/2015 9:45:32 AM.
     1>Project "\\tt\student$\Digipen\tt.zander.rammage\my documents\visual studio 2010\Projects\Binary Search\Binary Search\Binary Search.vcxproj" on node 2 (build target(s)).
     1>InitializeBuildStatus:
         Creating "Debug\Binary Search.unsuccessfulbuild" because "AlwaysCreate" was specified.
       ClCompile:
         c:\Program Files (x86)\Microsoft Visual Studio 10.0\VC\bin\CL.exe /c /ZI /nologo /W3 /WX- /Od /Oy- /D WIN32 /D _DEBUG /D _CONSOLE /D _UNICODE /D UNICODE /Gm /EHsc /RTC1 /MDd /GS /fp:precise /Zc:wchar_t /Zc:forScope /Fo"Debug\\" /Fd"Debug\vc100.pdb" /Gd /TP /analyze- /errorReport:prompt "Binary Search.cpp"
         Binary Search.cpp
       ManifestResourceCompile:
         All outputs are up-to-date.
       Link:
         c:\Program Files (x86)\Microsoft Visual Studio 10.0\VC\bin\link.exe /ERRORREPORT:PROMPT /OUT:"\\tt\student$\digipen\tt.zander.rammage\my documents\visual studio 2010\Projects\Binary Search\Debug\Binary Search.exe" /INCREMENTAL /NOLOGO kernel32.lib user32.lib gdi32.lib winspool.lib comdlg32.lib advapi32.lib shell32.lib ole32.lib oleaut32.lib uuid.lib odbc32.lib odbccp32.lib /MANIFEST /ManifestFile:"Debug\Binary Search.exe.intermediate.manifest" /MANIFESTUAC:"level='asInvoker' uiAccess='false'" /DEBUG /PDB:"\\tt\student$\digipen\tt.zander.rammage\my documents\visual studio 2010\Projects\Binary Search\Debug\Binary Search.pdb" /SUBSYSTEM:CONSOLE /TLBID:1 /DYNAMICBASE /NXCOMPAT /IMPLIB:"\\tt\student$\digipen\tt.zander.rammage\my documents\visual studio 2010\Projects\Binary Search\Debug\Binary Search.lib" /MACHINE:X86 "Debug\Binary Search.exe.embed.manifest.res"
         "Debug\Binary Search.obj"
       Manifest:
         C:\Program Files (x86)\Microsoft SDKs\Windows\v7.0A\bin\mt.exe /nologo /verbose /out:"Debug\Binary Search.exe.embed.manifest" /manifest "Debug\Binary Search.exe.intermediate.manifest"
         All outputs are up-to-date.
       LinkEmbedManifest:
         c:\Program Files (x86)\Microsoft Visual Studio 10.0\VC\bin\link.exe /ERRORREPORT:PROMPT /OUT:"\\tt\student$\digipen\tt.zander.rammage\my documents\visual studio 2010\Projects\Binary Search\Debug\Binary Search.exe" /INCREMENTAL /NOLOGO kernel32.lib user32.lib gdi32.lib winspool.lib comdlg32.lib advapi32.lib shell32.lib ole32.lib oleaut32.lib uuid.lib odbc32.lib odbccp32.lib /MANIFEST /ManifestFile:"Debug\Binary Search.exe.intermediate.manifest" /MANIFESTUAC:"level='asInvoker' uiAccess='false'" /DEBUG /PDB:"\\tt\student$\digipen\tt.zander.rammage\my documents\visual studio 2010\Projects\Binary Search\Debug\Binary Search.pdb" /SUBSYSTEM:CONSOLE /TLBID:1 /DYNAMICBASE /NXCOMPAT /IMPLIB:"\\tt\student$\digipen\tt.zander.rammage\my documents\visual studio 2010\Projects\Binary Search\Debug\Binary Search.lib" /MACHINE:X86 "Debug\Binary Search.exe.embed.manifest.res"
         "Debug\Binary Search.obj"
         Binary Search.vcxproj -> \\tt\student$\digipen\tt.zander.rammage\my documents\visual studio 2010\Projects\Binary Search\Debug\Binary Search.exe
       FinalizeBuildStatus:
         Deleting file "Debug\Binary Search.unsuccessfulbuild".
         Touching "Debug\Binary Search.lastbuildstate".
     1>Done Building Project "\\tt\student$\Digipen\tt.zander.rammage\my documents\visual studio 2010\Projects\Binary Search\Binary Search\Binary Search.vcxproj" (build target(s)).

Build succeeded.

Time Elapsed 00:00:01.51
